# JRE version: Java(TM) SE Runtime Environment (8.0_101-b13) (build 1.8.0_101-b13)
# Java VM: Java HotSpot(TM) 64-Bit Server VM (25.101-b13 mixed mode linux-amd64 compressed oops)
Heap:
 PSYoungGen      total 620032K, used 15879K [0x00000000d6d80000, 0x0000000100000000, 0x0000000100000000)
  eden space 565760K, 0% used [0x00000000d6d80000,0x00000000d6d80000,0x00000000f9600000)
  from space 54272K, 29% used [0x00000000f9600000,0x00000000fa581d58,0x00000000fcb00000)
  to   space 53760K, 0% used [0x00000000fcb80000,0x00000000fcb80000,0x0000000100000000)
 ParOldGen       total 162816K, used 162574K [0x0000000084800000, 0x000000008e700000, 0x00000000d6d80000)
  object space 162816K, 99% used [0x0000000084800000,0x000000008e6c3a98,0x000000008e700000)
 Metaspace       used 2803K, capacity 4564K, committed 4864K, reserved 1056768K
  class space    used 296K, capacity 388K, committed 512K, reserved 1048576K
GC Heap History (10 events):
Event: 1.993 GC heap after
Heap after GC invocations=14 (full 0):
 PSYoungGen      total 615424K, used 15840K [0x00000000d6d80000, 0x0000000100000000, 0x0000000100000000)
  eden space 599552K, 0% used [0x00000000d6d80000,0x00000000d6d80000,0x00000000fb700000)
  from space 15872K, 99% used [0x00000000ff080000,0x00000000ffff8010,0x0000000100000000)
  to   space 37376K, 0% used [0x00000000fb700000,0x00000000fb700000,0x00000000fdb80000)
 ParOldGen       total 84992K, used 83016K [0x0000000084800000, 0x0000000089b00000, 0x00000000d6d80000)
  object space 84992K, 97% used [0x0000000084800000,0x0000000089912080,0x0000000089b00000)
 Metaspace       used 2803K, capacity 4564K, committed 4864K, reserved 1056768K
  class space    used 296K, capacity 388K, committed 512K, reserved 1048576K
}
Event: 1.993 GC heap before
{Heap before GC invocations=15 (full 1):
 PSYoungGen      total 615424K, used 15840K [0x00000000d6d80000, 0x0000000100000000, 0x0000000100000000)
  eden space 599552K, 0% used [0x00000000d6d80000,0x00000000d6d80000,0x00000000fb700000)
  from space 15872K, 99% used [0x00000000ff080000,0x00000000ffff8010,0x0000000100000000)
  to   space 37376K, 0% used [0x00000000fb700000,0x00000000fb700000,0x00000000fdb80000)
 ParOldGen       total 84992K, used 83016K [0x0000000084800000, 0x0000000089b00000, 0x00000000d6d80000)
  object space 84992K, 97% used [0x0000000084800000,0x0000000089912080,0x0000000089b00000)
 Metaspace       used 2803K, capacity 4564K, committed 4864K, reserved 1056768K
  class space    used 296K, capacity 388K, committed 512K, reserved 1048576K
Event: 2.307 GC heap after
Heap after GC invocations=15 (full 1):
 PSYoungGen      total 615424K, used 12232K [0x00000000d6d80000, 0x0000000100000000, 0x0000000100000000)
  eden space 599552K, 0% used [0x00000000d6d80000,0x00000000d6d80000,0x00000000fb700000)
  from space 15872K, 77% used [0x00000000ff080000,0x00000000ffc72280,0x0000000100000000)
  to   space 37376K, 0% used [0x00000000fb700000,0x00000000fb700000,0x00000000fdb80000)
 ParOldGen       total 162816K, used 84977K [0x0000000084800000, 0x000000008e700000, 0x00000000d6d80000)
  object space 162816K, 52% used [0x0000000084800000,0x0000000089afc4a8,0x000000008e700000)
 Metaspace       used 2803K, capacity 4564K, committed 4864K, reserved 1056768K
  class space    used 296K, capacity 388K, committed 512K, reserved 1048576K
}
Event: 2.615 GC heap before
{Heap before GC invocations=16 (full 1):
 PSYoungGen      total 615424K, used 611784K [0x00000000d6d80000, 0x0000000100000000, 0x0000000100000000)
  eden space 599552K, 100% used [0x00000000d6d80000,0x00000000fb700000,0x00000000fb700000)
  from space 15872K, 77% used [0x00000000ff080000,0x00000000ffc72280,0x0000000100000000)
  to   space 37376K, 0% used [0x00000000fb700000,0x00000000fb700000,0x00000000fdb80000)
 ParOldGen       total 162816K, used 84977K [0x0000000084800000, 0x000000008e700000, 0x00000000d6d80000)
  object space 162816K, 52% used [0x0000000084800000,0x0000000089afc4a8,0x000000008e700000)
 Metaspace       used 2803K, capacity 4564K, committed 4864K, reserved 1056768K
  class space    used 296K, capacity 388K, committed 512K, reserved 1048576K
Event: 2.680 GC heap after
Heap after GC invocations=16 (full 1):
 PSYoungGen      total 627712K, used 27776K [0x00000000d6d80000, 0x0000000100000000, 0x0000000100000000)
  eden space 599552K, 0% used [0x00000000d6d80000,0x00000000d6d80000,0x00000000fb700000)
  from space 28160K, 98% used [0x00000000fb700000,0x00000000fd220010,0x00000000fd280000)
  to   space 40960K, 0% used [0x00000000fd800000,0x00000000fd800000,0x0000000100000000)
 ParOldGen       total 162816K, used 97489K [0x0000000084800000, 0x000000008e700000, 0x00000000d6d80000)
  object space 162816K, 59% used [0x0000000084800000,0x000000008a7344a8,0x000000008e700000)
 Metaspace       used 2803K, capacity 4564K, committed 4864K, reserved 1056768K
  class space    used 296K, capacity 388K, committed 512K, reserved 1048576K
}
Event: 2.983 GC heap before
{Heap before GC invocations=17 (full 1):
 PSYoungGen      total 627712K, used 627328K [0x00000000d6d80000, 0x0000000100000000, 0x0000000100000000)
  eden space 599552K, 100% used [0x00000000d6d80000,0x00000000fb700000,0x00000000fb700000)
  from space 28160K, 98% used [0x00000000fb700000,0x00000000fd220010,0x00000000fd280000)
  to   space 40960K, 0% used [0x00000000fd800000,0x00000000fd800000,0x0000000100000000)
 ParOldGen       total 162816K, used 97489K [0x0000000084800000, 0x000000008e700000, 0x00000000d6d80000)
  object space 162816K, 59% used [0x0000000084800000,0x000000008a7344a8,0x000000008e700000)
 Metaspace       used 2803K, capacity 4564K, committed 4864K, reserved 1056768K
  class space    used 296K, capacity 388K, committed 512K, reserved 1048576K
Event: 3.028 GC heap after
Heap after GC invocations=17 (full 1):
 PSYoungGen      total 606720K, used 40928K [0x00000000d6d80000, 0x0000000100000000, 0x0000000100000000)
  eden space 565760K, 0% used [0x00000000d6d80000,0x00000000d6d80000,0x00000000f9600000)
  from space 40960K, 99% used [0x00000000fd800000,0x00000000ffff8010,0x0000000100000000)
  to   space 54272K, 0% used [0x00000000f9600000,0x00000000f9600000,0x00000000fcb00000)
 ParOldGen       total 162816K, used 112137K [0x0000000084800000, 0x000000008e700000, 0x00000000d6d80000)
  object space 162816K, 68% used [0x0000000084800000,0x000000008b5824a8,0x000000008e700000)
 Metaspace       used 2803K, capacity 4564K, committed 4864K, reserved 1056768K
  class space    used 296K, capacity 388K, committed 512K, reserved 1048576K
}
Event: 3.320 GC heap before
{Heap before GC invocations=18 (full 1):
 PSYoungGen      total 606720K, used 606688K [0x00000000d6d80000, 0x0000000100000000, 0x0000000100000000)
  eden space 565760K, 100% used [0x00000000d6d80000,0x00000000f9600000,0x00000000f9600000)
  from space 40960K, 99% used [0x00000000fd800000,0x00000000ffff8010,0x0000000100000000)
  to   space 54272K, 0% used [0x00000000f9600000,0x00000000f9600000,0x00000000fcb00000)
 ParOldGen       total 162816K, used 112137K [0x0000000084800000, 0x000000008e700000, 0x00000000d6d80000)
  object space 162816K, 68% used [0x0000000084800000,0x000000008b5824a8,0x000000008e700000)
 Metaspace       used 2803K, capacity 4564K, committed 4864K, reserved 1056768K
  class space    used 296K, capacity 388K, committed 512K, reserved 1048576K
Event: 3.392 GC heap after
Heap after GC invocations=18 (full 1):
 PSYoungGen      total 620032K, used 26240K [0x00000000d6d80000, 0x0000000100000000, 0x0000000100000000)
  eden space 565760K, 0% used [0x00000000d6d80000,0x00000000d6d80000,0x00000000f9600000)
  from space 54272K, 48% used [0x00000000f9600000,0x00000000fafa0000,0x00000000fcb00000)
  to   space 53760K, 0% used [0x00000000fcb80000,0x00000000fcb80000,0x0000000100000000)
 ParOldGen       total 162816K, used 153905K [0x0000000084800000, 0x000000008e700000, 0x00000000d6d80000)
  object space 162816K, 94% used [0x0000000084800000,0x000000008de4c4b8,0x000000008e700000)
 Metaspace       used 2803K, capacity 4564K, committed 4864K, reserved 1056768K
  class space    used 296K, capacity 388K, committed 512K, reserved 1048576K
}
Event: 3.392 GC heap before
{Heap before GC invocations=19 (full 2):
 PSYoungGen      total 620032K, used 26240K [0x00000000d6d80000, 0x0000000100000000, 0x0000000100000000)
  eden space 565760K, 0% used [0x00000000d6d80000,0x00000000d6d80000,0x00000000f9600000)
  from space 54272K, 48% used [0x00000000f9600000,0x00000000fafa0000,0x00000000fcb00000)
  to   space 53760K, 0% used [0x00000000fcb80000,0x00000000fcb80000,0x0000000100000000)
 ParOldGen       total 162816K, used 153905K [0x0000000084800000, 0x000000008e700000, 0x00000000d6d80000)
  object space 162816K, 94% used [0x0000000084800000,0x000000008de4c4b8,0x000000008e700000)
 Metaspace       used 2803K, capacity 4564K, committed 4864K, reserved 1056768K
  class space    used 296K, capacity 388K, committed 512K, reserved 1048576K

